app/proguard-project.txt
-dontusemixedcaseclassnames
-dontskipnonpubliclibraryclasses
-dontpreverify
-verbose
-dontoptimize
-dontskipnonpubliclibraryclassmembers

#忽略警告
-ignorewarnings

-keep public class * extends android.app.Activity
-keep public class * extends android.app.Application
-keep public class * extends android.app.Service
-keep public class * extends android.content.BroadcastReceiver
-keep public class * extends android.content.ContentProvider
-keep public class * extends android.app.backup.BackupAgentHelper
-keep public class * extends android.preference.Preference
-keep public class com.android.vending.licensing.ILicensingService

-keep public class cmn.Proguard$KeepMembers
-keep public class * implements cmn.Proguard$KeepMembers
-keepclassmembers class * implements cmn.Proguard$KeepMembers {
   <methods>;
}
-keep class android.webkit.JavascriptInterface
-dontwarn android.webkit.JavascriptInterface

-keepclasseswithmembernames class * {
    native <methods>;
}

-keep class android.support.v4.app.** { *; }
-keep interface android.support.v4.app.** { *; }
-keepattributes Signature, *Annotation*

-keepclassmembers class **.R$* {
    public static <fields>;
}
-keepclasseswithmembers class * {
    public <init>(android.content.Context, android.util.AttributeSet);
}

-keepclasseswithmembers class * {
    public <init>(android.content.Context, android.util.AttributeSet, int);
}

-keepclassmembers class * extends android.app.Activity {
   public void *(android.view.View);
}

-keepclassmembers enum * {
    public static **[] values();
    public static ** valueOf(java.lang.String);
}

-keep class * implements android.os.Parcelable {
  public static final android.os.Parcelable$Creator *;
}

-keep class com.newqm.sdkoffer.** {
*;
}

-dontwarn com.newqm.sdkoffer.**