app/build/outputs/mapping/release/seeds.txt
com.springball.activity.GameActivity
com.springball.activity.GameActivity: GameActivity()
com.springball.activity.MainActivity
com.springball.activity.MainActivity: MainActivity()
com.springball.activity.MainActivity: void onClick(android.view.View)
com.springball.activity.R$color: int blue
com.springball.activity.R$color: int red
com.springball.activity.R$dimen: int activity_horizontal_margin
com.springball.activity.R$dimen: int ds0_5
com.springball.activity.R$dimen: int ds10
com.springball.activity.R$dimen: int ds11
com.springball.activity.R$dimen: int ds12
com.springball.activity.R$dimen: int ds120
com.springball.activity.R$dimen: int ds13
com.springball.activity.R$dimen: int ds14
com.springball.activity.R$dimen: int ds15
com.springball.activity.R$dimen: int ds16_5
com.springball.activity.R$dimen: int ds160
com.springball.activity.R$dimen: int ds18
com.springball.activity.R$dimen: int ds185
com.springball.activity.R$dimen: int ds2
com.springball.activity.R$dimen: int ds2_5
com.springball.activity.R$dimen: int ds20
com.springball.activity.R$dimen: int ds200
com.springball.activity.R$dimen: int ds21_5
com.springball.activity.R$dimen: int ds22
com.springball.activity.R$dimen: int ds23
com.springball.activity.R$dimen: int ds25
com.springball.activity.R$dimen: int ds267
com.springball.activity.R$dimen: int ds3
com.springball.activity.R$dimen: int ds3_5
com.springball.activity.R$dimen: int ds30
com.springball.activity.R$dimen: int ds35
com.springball.activity.R$dimen: int ds39
com.springball.activity.R$dimen: int ds40
com.springball.activity.R$dimen: int ds43
com.springball.activity.R$dimen: int ds44
com.springball.activity.R$dimen: int ds45
com.springball.activity.R$dimen: int ds5
com.springball.activity.R$dimen: int ds50
com.springball.activity.R$dimen: int ds6
com.springball.activity.R$dimen: int ds60
com.springball.activity.R$drawable: int background
com.springball.activity.R$drawable: int board_middle
com.springball.activity.R$drawable: int board_normal
com.springball.activity.R$drawable: int board_shit
com.springball.activity.R$drawable: int board_super
com.springball.activity.R$drawable: int ic_launcher
com.springball.activity.R$drawable: int icon
com.springball.activity.R$drawable: int main_button
com.springball.activity.R$drawable: int rank_item
com.springball.activity.R$drawable: int rank_title
com.springball.activity.R$id: int name_item
com.springball.activity.R$id: int rank
com.springball.activity.R$id: int rank_list
com.springball.activity.R$id: int rank_title
com.springball.activity.R$id: int score_item
com.springball.activity.R$id: int start
com.springball.activity.R$layout: int main_layout
com.springball.activity.R$layout: int rank_layout
com.springball.activity.R$layout: int rank_list_item
com.springball.activity.R$string: int action_settings
com.springball.activity.R$string: int app_name
com.springball.activity.R$string: int fenshu
com.springball.activity.R$string: int gameover
com.springball.activity.R$string: int level
com.springball.activity.R$string: int loading
com.springball.activity.R$string: int name
com.springball.activity.R$string: int no
com.springball.activity.R$string: int over
com.springball.activity.R$string: int play_again
com.springball.activity.R$string: int rank
com.springball.activity.R$string: int score
com.springball.activity.R$string: int start
com.springball.activity.R$string: int yes
com.springball.activity.RankActivity
com.springball.activity.RankActivity: RankActivity()
com.springball.activity.WelcomeActivity
com.springball.activity.WelcomeActivity: WelcomeActivity()
...
android.support.v4.app.NotificationCompatKitKat$Builder
android.support.v4.app.NotificationCompatKitKat$Builder: android.app.Notification$Builder b
android.support.v4.app.NotificationCompatKitKat$Builder: android.os.Bundle mExtras
android.support.v4.app.NotificationCompatKitKat$Builder: java.util.List mActionExtrasList
android.support.v4.app.NotificationCompatKitKat$Builder: NotificationCompatKitKat$Builder(android.content.Context,android.app.Notification,java.lang.CharSequence,java.lang.CharSequence,java.lang.CharSequence,android.widget.RemoteViews,int,android.app.PendingIntent,android.app.PendingIntent,android.graphics.Bitmap,int,int,boolean,boolean,boolean,int,java.lang.CharSequence,boolean,java.util.ArrayList,android.os.Bundle,java.lang.String,boolean,java.lang.String)
android.support.v4.app.NotificationCompatKitKat$Builder: void addAction(android.support.v4.app.NotificationCompatBase$Action)
android.support.v4.app.NotificationCompatKitKat$Builder: android.app.Notification$Builder getBuilder()
android.support.v4.app.NotificationCompatKitKat$Builder: android.app.Notification build()
android.support.v4.app.NotificationCompatSideChannelService
android.support.v4.app.NotificationCompatSideChannelService: NotificationCompatSideChannelService()
android.support.v4.app.NotificationCompatSideChannelService: android.os.IBinder onBind(android.content.Intent)
android.support.v4.app.NotificationCompatSideChannelService: void notify(java.lang.String,int,java.lang.String,android.app.Notification)
android.support.v4.app.NotificationCompatSideChannelService: void cancel(java.lang.String,int,java.lang.String)
android.support.v4.app.NotificationCompatSideChannelService: void cancelAll(java.lang.String)
android.support.v4.app.NotificationCompatSideChannelService: void checkPermission(int,java.lang.String)
android.support.v4.app.NotificationCompatSideChannelService: void access$100(android.support.v4.app.NotificationCompatSideChannelService,int,java.lang.String)
android.support.v4.app.NotificationCompatSideChannelService$1
android.support.v4.app.NotificationCompatSideChannelService$NotificationSideChannelStub
android.support.v4.app.NotificationCompatSideChannelService$NotificationSideChannelStub: android.support.v4.app.NotificationCompatSideChannelService this$0
android.support.v4.app.NotificationCompatSideChannelService$NotificationSideChannelStub: NotificationCompatSideChannelService$NotificationSideChannelStub(android.support.v4.app.NotificationCompatSideChannelService)
android.support.v4.app.NotificationCompatSideChannelService$NotificationSideChannelStub: void notify(java.lang.String,int,java.lang.String,android.app.Notification)
android.support.v4.app.NotificationCompatSideChannelService$NotificationSideChannelStub: void cancel(java.lang.String,int,java.lang.String)
android.support.v4.app.NotificationCompatSideChannelService$NotificationSideChannelStub: void cancelAll(java.lang.String)
android.support.v4.app.NotificationCompatSideChannelService$NotificationSideChannelStub: NotificationCompatSideChannelService$NotificationSideChannelStub(android.support.v4.app.NotificationCompatSideChannelService,android.support.v4.app.NotificationCompatSideChannelService$1)