app/build/outputs/mapping/release/mapping.txt
com.springball.activity.GameActivity -> com.springball.activity.GameActivity:
    com.springball.util.DataBaseManager dbMgr -> a
    android.widget.FrameLayout layout -> b
    com.springball.view.BackgroundView gameView -> c
    com.newqm.sdkoffer.AdView adView -> d
    27:29:void <init>() -> <init>
    36:56:void onCreate(android.os.Bundle) -> onCreate
    59:86:void gameOver() -> a
    90:100:void onPostiveClick(java.lang.Object) -> a
    104:105:void onNegativeClick() -> b
    109:109:boolean onKeyDown(int,android.view.KeyEvent) -> onKeyDown
    115:115:void onClicked(java.lang.String) -> onClicked
    120:120:void onShow(java.lang.String) -> onShow
com.springball.activity.MainActivity -> com.springball.activity.MainActivity:
    com.springball.view.CustomFontTextView startTv -> a
    com.springball.view.CustomFontTextView rankTv -> b
    17:17:void <init>() -> <init>
    28:33:void onCreate(android.os.Bundle) -> onCreate
    36:40:void init() -> a
    44:46:void onResume() -> onResume
    50:62:void onClick(android.view.View) -> onClick
com.springball.activity.RankActivity -> com.springball.activity.RankActivity:
    android.widget.ListView listView -> a
    java.util.List list -> b
    com.springball.activity.RankActivity$RankAdapter adapter -> c
    24:24:void <init>() -> <init>
    32:35:void onCreate(android.os.Bundle) -> onCreate
    38:50:void init(android.content.Context) -> a
    24:24:java.util.List access$002(com.springball.activity.RankActivity,java.util.List) -> a
    24:24:java.util.List access$000(com.springball.activity.RankActivity) -> a
com.springball.activity.RankActivity$RankAdapter -> com.springball.activity.RankActivity$a:
    com.springball.activity.RankActivity this$0 -> a
    54:56:void <init>(com.springball.activity.RankActivity,java.util.List) -> <init>
    60:60:int getCount() -> getCount
    65:65:java.lang.Object getItem(int) -> getItem
    70:70:long getItemId(int) -> getItemId
    76:88:android.view.View getView(int,android.view.View,android.view.ViewGroup) -> getView
com.springball.activity.RankActivity$RankItem -> com.springball.activity.RankActivity$b:
    java.lang.String name -> a
    int score -> b
    com.springball.activity.RankActivity this$0 -> c
    96:99:void <init>(com.springball.activity.RankActivity,java.lang.String,int) -> <init>
    101:101:java.lang.String getName() -> a
    104:104:int getScore() -> b
com.springball.activity.RankActivity$ViewHolder -> com.springball.activity.RankActivity$c:
    android.widget.TextView nameTv -> a
    android.widget.TextView scoreTv -> b
    com.springball.activity.RankActivity this$0 -> c
    108:108:void <init>(com.springball.activity.RankActivity) -> <init>
com.springball.activity.WelcomeActivity -> com.springball.activity.WelcomeActivity:
    android.widget.RelativeLayout layout -> a
    19:19:void <init>() -> <init>
    26:28:void onCreate(android.os.Bundle) -> onCreate
    31:40:void initLayout() -> a
    43:62:void initAnimation() -> b
    65:68:void startIntent() -> d
    19:19:void access$000(com.springball.activity.WelcomeActivity) -> a
com.springball.activity.WelcomeActivity$1 -> com.springball.activity.a:
    com.springball.activity.WelcomeActivity this$0 -> a
    45:45:void <init>(com.springball.activity.WelcomeActivity) -> <init>
    49:49:void onAnimationStart(android.view.animation.Animation) -> onAnimationStart
    54:54:void onAnimationRepeat(android.view.animation.Animation) -> onAnimationRepeat
    58:59:void onAnimationEnd(android.view.animation.Animation) -> onAnimationEnd
...
android.support.v4.content.IntentCompat$IntentCompatImplHC -> android.support.v4.content.i$c:
    65:65:void <init>() -> <init>
    68:68:android.content.Intent makeMainActivity(android.content.ComponentName) -> a
android.support.v4.content.IntentCompat$IntentCompatImplIcsMr1 -> android.support.v4.content.i$d:
    76:76:void <init>() -> <init>
android.support.v4.content.IntentCompatHoneycomb -> android.support.v4.content.j:
    24:24:android.content.Intent makeMainActivity(android.content.ComponentName) -> a
android.support.v4.content.Loader -> android.support.v4.content.k:
    int mId -> a
    android.support.v4.content.Loader$OnLoadCompleteListener mListener -> b
    android.support.v4.content.Loader$OnLoadCanceledListener mOnLoadCanceledListener -> c
    boolean mStarted -> d
    boolean mAbandoned -> e
    boolean mReset -> f
    boolean mContentChanged -> g
    boolean mProcessingChange -> h
    164:169:void registerListener(int,android.support.v4.content.Loader$OnLoadCompleteListener) -> a
    177:184:void unregisterListener(android.support.v4.content.Loader$OnLoadCompleteListener) -> a
    196:200:void registerOnLoadCanceledListener(android.support.v4.content.Loader$OnLoadCanceledListener) -> a
    211:218:void unregisterOnLoadCanceledListener(android.support.v4.content.Loader$OnLoadCanceledListener) -> b
    269:273:void startLoading() -> a
    281:281:void onStartLoading() -> b
    302:302:boolean cancelLoad() -> c
    317:317:boolean onCancelLoad() -> d
    360:362:void stopLoading() -> e
    371:371:void onStopLoading() -> f
    385:387:void abandon() -> g
    399:399:void onAbandon() -> h
    420:426:void reset() -> i
    435:435:void onReset() -> j
    497:500:java.lang.String dataToString(java.lang.Object) -> a
    505:510:java.lang.String toString() -> toString
    522:533:void dump(java.lang.String,java.io.FileDescriptor,java.io.PrintWriter,java.lang.String[]) -> a
android.support.v4.content.Loader$OnLoadCanceledListener -> android.support.v4.content.k$a:
android.support.v4.content.Loader$OnLoadCompleteListener -> android.support.v4.content.k$b:
android.support.v4.content.SharedPreferencesCompat -> android.support.v4.content.l:
android.support.v4.content.SharedPreferencesCompat$1 -> android.support.v4.content.l$1:
android.support.v4.content.SharedPreferencesCompat$EditorCompat -> android.support.v4.content.l$a:
    android.support.v4.content.SharedPreferencesCompat$EditorCompat sInstance -> a
    android.support.v4.content.SharedPreferencesCompat$EditorCompat$Helper mHelper -> b
    51:57:void <init>() -> <init>
    60:63:android.support.v4.content.SharedPreferencesCompat$EditorCompat getInstance() -> a
    67:68:void apply(android.content.SharedPreferences$Editor) -> a
android.support.v4.content.SharedPreferencesCompat$EditorCompat$EditorHelperApi9Impl -> android.support.v4.content.l$a$a:
    41:41:void <init>() -> <init>
    45:46:void apply(android.content.SharedPreferences$Editor) -> a
    41:41:void <init>(android.support.v4.content.SharedPreferencesCompat$1) -> <init>
android.support.v4.content.SharedPreferencesCompat$EditorCompat$EditorHelperBaseImpl -> android.support.v4.content.l$a$b:
    33:33:void <init>() -> <init>
    37:38:void apply(android.content.SharedPreferences$Editor) -> a
    33:33:void <init>(android.support.v4.content.SharedPreferencesCompat$1) -> <init>
android.support.v4.content.SharedPreferencesCompat$EditorCompat$Helper -> android.support.v4.content.l$a$c:
    void apply(android.content.SharedPreferences$Editor) -> a
android.support.v4.content.WakefulBroadcastReceiver -> android.support.v4.content.WakefulBroadcastReceiver:
    android.util.SparseArray mActiveWakeLocks -> a
    int mNextId -> b
    59:59:void <init>() -> <init>
    62:64:void <clinit>() -> <clinit>