app/build/outputs/mapping/release/usage.txt
com.springball.activity.BuildConfig
com.springball.activity.MainActivity:
    private static final java.lang.String AD_ID
    private static final java.lang.String AD_KEY
com.springball.activity.R
com.springball.activity.R$attr
com.springball.activity.R$color
com.springball.activity.R$dimen
com.springball.activity.R$drawable
com.springball.activity.R$id
com.springball.activity.R$layout
com.springball.activity.R$string
com.springball.activity.WelcomeActivity:
    private static final int ANIMATION_DURTION
...
android.support.v4.media.session.MediaControllerCompat$MediaControllerImpl:
    public abstract void registerCallback(android.support.v4.media.session.MediaControllerCompat$Callback,android.os.Handler)
    public abstract void unregisterCallback(android.support.v4.media.session.MediaControllerCompat$Callback)
    public abstract boolean dispatchMediaButtonEvent(android.view.KeyEvent)
    public abstract android.support.v4.media.session.MediaControllerCompat$TransportControls getTransportControls()
    public abstract android.support.v4.media.session.PlaybackStateCompat getPlaybackState()
    public abstract android.support.v4.media.MediaMetadataCompat getMetadata()
    public abstract java.util.List getQueue()
    public abstract java.lang.CharSequence getQueueTitle()
    public abstract android.os.Bundle getExtras()
    public abstract int getRatingType()
    public abstract long getFlags()
    public abstract android.support.v4.media.session.MediaControllerCompat$PlaybackInfo getPlaybackInfo()
    public abstract android.app.PendingIntent getSessionActivity()
    public abstract void setVolumeTo(int,int)
    public abstract void adjustVolume(int,int)
    public abstract void sendCommand(java.lang.String,android.os.Bundle,android.os.ResultReceiver)
    public abstract java.lang.String getPackageName()
android.support.v4.media.session.MediaControllerCompat$MediaControllerImplApi21
android.support.v4.media.session.MediaControllerCompat$MediaControllerImplApi23
android.support.v4.media.session.MediaControllerCompat$MediaControllerImplBase
android.support.v4.media.session.MediaControllerCompat$PlaybackInfo
android.support.v4.media.session.MediaControllerCompat$TransportControls
android.support.v4.media.session.MediaControllerCompat$TransportControlsApi21
android.support.v4.media.session.MediaControllerCompat$TransportControlsApi23
android.support.v4.media.session.MediaControllerCompat$TransportControlsBase
android.support.v4.media.session.MediaControllerCompatApi21
android.support.v4.media.session.MediaControllerCompatApi21$Callback
android.support.v4.media.session.MediaControllerCompatApi21$CallbackProxy
android.support.v4.media.session.MediaControllerCompatApi21$PlaybackInfo
android.support.v4.media.session.MediaControllerCompatApi21$TransportControls
android.support.v4.media.session.MediaControllerCompatApi23
android.support.v4.media.session.MediaControllerCompatApi23$TransportControls
android.support.v4.media.session.MediaSessionCompat:
    private static final java.lang.String TAG
    private final android.support.v4.media.session.MediaSessionCompat$MediaSessionImpl mImpl
    private final android.support.v4.media.session.MediaControllerCompat mController
    private final java.util.ArrayList mActiveListeners
    public static final int FLAG_HANDLES_MEDIA_BUTTONS
    public static final int FLAG_HANDLES_TRANSPORT_CONTROLS
    public static final java.lang.String ACTION_PLAY_FROM_URI
    public static final java.lang.String ACTION_ARGUMENT_URI
    public static final java.lang.String ACTION_ARGUMENT_EXTRAS
    142:143:public MediaSessionCompat(android.content.Context,java.lang.String)
    87:203:public MediaSessionCompat(android.content.Context,java.lang.String,android.content.ComponentName,android.app.PendingIntent)
    87:208:private MediaSessionCompat(android.content.Context,android.support.v4.media.session.MediaSessionCompat$MediaSessionImpl)
    218:219:public void setCallback(android.support.v4.media.session.MediaSessionCompat$Callback)
    230:231:public void setCallback(android.support.v4.media.session.MediaSessionCompat$Callback,android.os.Handler)
    242:243:public void setSessionActivity(android.app.PendingIntent)
    259:260:public void setMediaButtonReceiver(android.app.PendingIntent)
    268:269:public void setFlags(int)
    282:283:public void setPlaybackToLocal(int)
android.support.v4.media.session.MediaSessionCompat$Callback
android.support.v4.media.session.MediaSessionCompat$Callback$StubApi21